XutilsSample/build/outputs/logs/manifest-merger-debug-report.txt
-- Merging decision tree log ---
manifest
ADDED from GYFProject\XutilsSample\AndroidManifest.xml:2:1-26:12
	package
		ADDED from GYFProject\XutilsSample\AndroidManifest.xml:3:11-46
	android:versionName
		ADDED from GYFProject\XutilsSample\AndroidManifest.xml:5:11-36
		INJECTED from GYFProject\XutilsSample\AndroidManifest.xml
		INJECTED from GYFProject\XutilsSample\AndroidManifest.xml
	android:versionCode
		ADDED from GYFProject\XutilsSample\AndroidManifest.xml:4:11-34
		INJECTED from GYFProject\XutilsSample\AndroidManifest.xml
		INJECTED from GYFProject\XutilsSample\AndroidManifest.xml
	xmlns:android
		ADDED from GYFProject\XutilsSample\AndroidManifest.xml:2:11-69
uses-sdk
ADDED from GYFProject\XutilsSample\AndroidManifest.xml:6:5-72
MERGED from [GYFProject:xutilsLibrary:unspecified] AndroidManifest.xml:7:5-9:41
	android:targetSdkVersion
		ADDED from GYFProject\XutilsSample\AndroidManifest.xml:6:41-70
	android:minSdkVersion
		ADDED from GYFProject\XutilsSample\AndroidManifest.xml:6:15-40
uses-permission#android.permission.INTERNET
ADDED from GYFProject\XutilsSample\AndroidManifest.xml:7:5-67
	android:name
		ADDED from GYFProject\XutilsSample\AndroidManifest.xml:7:22-64
uses-permission#android.permission.WRITE_EXTERNAL_STORAGE
ADDED from GYFProject\XutilsSample\AndroidManifest.xml:8:5-81
	android:name
		ADDED from GYFProject\XutilsSample\AndroidManifest.xml:8:22-78
application
ADDED from GYFProject\XutilsSample\AndroidManifest.xml:9:5-25:19
MERGED from [GYFProject:xutilsLibrary:unspecified] AndroidManifest.xml:11:5-20
	android:label
		ADDED from GYFProject\XutilsSample\AndroidManifest.xml:9:18-50
	android:icon
		ADDED from GYFProject\XutilsSample\AndroidManifest.xml:9:51-87
activity#com.lidroid.xutils.sample.MyActivity
ADDED from GYFProject\XutilsSample\AndroidManifest.xml:10:9-17:20
	android:label
		ADDED from GYFProject\XutilsSample\AndroidManifest.xml:11:19-51
	android:theme
		ADDED from GYFProject\XutilsSample\AndroidManifest.xml:12:17-59
	android:name
		ADDED from GYFProject\XutilsSample\AndroidManifest.xml:10:19-45
intent-filter#android.intent.action.MAIN+android.intent.category.LAUNCHER
ADDED from GYFProject\XutilsSample\AndroidManifest.xml:13:13-16:29
action#android.intent.action.MAIN
ADDED from GYFProject\XutilsSample\AndroidManifest.xml:14:17-68
	android:name
		ADDED from GYFProject\XutilsSample\AndroidManifest.xml:14:25-66
category#android.intent.category.LAUNCHER
ADDED from GYFProject\XutilsSample\AndroidManifest.xml:15:17-76
	android:name
		ADDED from GYFProject\XutilsSample\AndroidManifest.xml:15:27-74
activity#com.lidroid.xutils.sample.ImageActivity
ADDED from GYFProject\XutilsSample\AndroidManifest.xml:18:9-50
	android:name
		ADDED from GYFProject\XutilsSample\AndroidManifest.xml:18:19-48
activity#com.lidroid.xutils.sample.DownloadListActivity
ADDED from GYFProject\XutilsSample\AndroidManifest.xml:19:9-57
	android:name
		ADDED from GYFProject\XutilsSample\AndroidManifest.xml:19:19-55
service#com.lidroid.xutils.sample.download.DownloadService
ADDED from GYFProject\XutilsSample\AndroidManifest.xml:20:9-24:19
	android:name
		ADDED from GYFProject\XutilsSample\AndroidManifest.xml:20:18-58
intent-filter#download.service.action
ADDED from GYFProject\XutilsSample\AndroidManifest.xml:21:13-23:29
action#download.service.action
ADDED from GYFProject\XutilsSample\AndroidManifest.xml:22:17-65
	android:name
		ADDED from GYFProject\XutilsSample\AndroidManifest.xml:22:25-63